:PROPERTIES:
:ID: D35D43C9-46BF-9A94-F03B-A3B706020498
:END:
#+title: Sprint Backlog 03
#+options: <:nil c:nil ^:nil d:nil date:nil author:nil toc:nil html-postamble:nil
#+todo: STARTED | COMPLETED CANCELLED POSTPONED BLOCKED
#+tags: { code(c) infra(i) analysis(n) agile(a) }
#+startup: inlineimages

* Sprint Mission

- update UI layer to use new socket code.
- finish login related functionality.

* Stories

** Active

#+begin: clocktable :maxlevel 3 :scope subtree :tags t :indent nil :emphasize nil :scope file :narrow 75 :formula % :block today
#+TBLNAME: today_summary
#+CAPTION: Clock summary at [2025-11-07 Fri 00:16], for Friday, November 07, 2025.
|      | <75>                              |        |      |      |       |
| Tags | Headline                          | Time   |      |      |     % |
|------+-----------------------------------+--------+------+------+-------|
|      | *Total time*                      | *0:11* |      |      | 100.0 |
|------+-----------------------------------+--------+------+------+-------|
|      | Stories                           | 0:11   |      |      | 100.0 |
|      | Active                            |        | 0:11 |      | 100.0 |
| code | Add connect command line argument |        |      | 0:11 | 100.0 |
#+end:

#+begin: clocktable :maxlevel 3 :scope subtree :tags t :indent nil :emphasize nil :scope file :narrow 75 :formula %
#+TBLNAME: sprint_summary
#+CAPTION: Clock summary at [2025-11-07 Fri 00:16]
|       | <75>                                                   |         |       |       |       |
| Tags  | Headline                                               | Time    |       |       |     % |
|-------+--------------------------------------------------------+---------+-------+-------+-------|
|       | *Total time*                                           | *71:45* |       |       | 100.0 |
|-------+--------------------------------------------------------+---------+-------+-------+-------|
|       | Stories                                                | 71:45   |       |       | 100.0 |
|       | Active                                                 |         | 71:45 |       | 100.0 |
| agile | Sprint and product backlog refinement                  |         |       |  1:50 |   2.6 |
| code  | Add locking up logic                                   |         |       |  1:28 |   2.0 |
| code  | Build using dynamic libraries                          |         |       |  7:24 |  10.3 |
| code  | Enable qt gui                                          |         |       |  4:13 |   5.9 |
| code  | Implement logging according to correct boost.log usage |         |       |  8:02 |  11.2 |
| code  | Fix broken Linux and OSX tests                         |         |       |  0:10 |   0.2 |
| code  | Fix broken windows builds                              |         |       |  2:35 |   3.6 |
| code  | Investigate leaks from valgrind                        |         |       |  0:51 |   1.2 |
| code  | Consider adding a postgres database to CI              |         |       | 14:13 |  19.8 |
| code  | Fix misspell that causes build to break                |         |       |  0:12 |   0.3 |
| code  | Improve code coverage                                  |         |       |  4:15 |   5.9 |
| infra | vcpkg cannot apply patch on windowws                   |         |       |  1:46 |   2.5 |
| code  | Update prodigy to use tags                             |         |       |  0:26 |   0.6 |
| code  | Add command line arguments for database to service     |         |       |  3:34 |   5.0 |
| code  | Separate test database usage from application          |         |       |  3:33 |   4.9 |
| code  | Split test code from utility                           |         |       |  4:41 |   6.5 |
| code  | Add tests at test suite level to ctest                 |         |       |  0:13 |   0.3 |
| code  | Cli tests are failing on github                        |         |       |  0:58 |   1.3 |
| code  | Add generators for test data generation                |         |       |  7:40 |  10.7 |
| code  | Tidy-up tests after refactor                           |         |       |  0:12 |   0.3 |
| code  | CTest shows only one test per test suite               |         |       |  0:26 |   0.6 |
| code  | Resolve all of the OpenSSL leaks in valgrind           |         |       |  0:36 |   0.8 |
| code  | Add support for feature flags                          |         |       |  1:25 |   2.0 |
| code  | Implement authentication bootstrap workflow            |         |       |  0:25 |   0.6 |
| code  | Add connect command line argument                      |         |       |  0:22 |   0.5 |
| code  | Ignore warnings on windows and osx                     |         |       |  0:15 |   0.3 |
#+end:

*** STARTED Sprint and product backlog refinement                     :agile:
    :LOGBOOK:
    CLOCK: [2025-11-06 Thu 23:10]--[2025-11-06 Thu 23:14] =>  0:04
    CLOCK: [2025-11-06 Thu 00:18]--[2025-11-06 Thu 00:34] =>  0:16
    CLOCK: [2025-11-05 Wed 13:56]--[2025-11-05 Wed 14:02] =>  0:06
    CLOCK: [2025-10-28 Tue 23:40]--[2025-10-28 Tue 23:53] =>  0:13
    CLOCK: [2025-10-27 Mon 09:23]--[2025-10-27 Mon 09:53] =>  0:30
    CLOCK: [2025-10-26 Sun 19:49]--[2025-10-26 Sun 19:55] =>  0:06
    CLOCK: [2025-10-23 Thu 09:10]--[2025-10-23 Thu 09:45] =>  0:35
    :END:

Updates to sprint and product backlog.

#+begin_src emacs-lisp :exports none
;; agenda
(org-agenda-file-to-front)
#+end_src

#+name: stories-chart
#+begin_src R :var sprint_summary=sprint_summary :results file graphics :exports results :file sprint_backlog_03_stories.png :width 1200 :height 650
library(conflicted)
library(grid)
library(tidyverse)
library(tibble)

# Remove unnecessary rows.
clean_sprint_summary <- tail(sprint_summary, -4)
names <- unlist(clean_sprint_summary[2])
values <- as.numeric(unlist(clean_sprint_summary[6]))

# Create a data frame.
df <- data.frame(
  cost = values,
  stories = factor(names, levels = names[order(values, decreasing = FALSE)]),
  y = seq(length(names)) * 0.9
)

# Setup the colors
blue <- "#076fa2"

p <- ggplot(df) +
  aes(x = cost, y = stories) +
  geom_col(fill = blue, width = 0.6) +
  ggtitle("Sprint 1: Resourcing per Story") +
  xlab("Resourcing (%)") + ylab("Stories") +
  theme(text = element_text(size = 15))

print(p)
#+end_src

#+RESULTS: stories-chart
[[file:sprint_backlog_03_stories.png]]

#+name: tags-chart
#+begin_src R :var sprint_summary=sprint_summary :results file graphics :exports results :file sprint_backlog_03_tags.png :width 600 :height 400
library(conflicted)
library(grid)
library(tidyverse)
library(tibble)

# Remove unnecessary rows.
clean_sprint_summary <- tail(sprint_summary, -4)
names <- unlist(clean_sprint_summary[1])
values <- as.numeric(unlist(clean_sprint_summary[6]))

# Create a data frame.
df <- data.frame(
  cost = values,
  tags = names,
  y = seq(length(names)) * 0.9
)
# factor(names, levels = names[order(values, decreasing = FALSE)])

df2 <- setNames(aggregate(df$cost, by = list(df$tags), FUN = sum),  c("cost", "tags"))
# Setup the colors
blue <- "#076fa2"

p <- ggplot(df2) +
  aes(x = cost, y = tags) +
  geom_col(fill = blue, width = 0.6) +
  ggtitle("Sprint 1: Resourcing per Tag") +
  xlab("Resourcing (%)") + ylab("Story types") +
  theme(text = element_text(size = 15))

print(p)
#+end_src

#+RESULTS: tags-chart
[[file:sprint_backlog_03_tags.png]]

*** COMPLETED Add locking up logic                                     :code:
    :LOGBOOK:
    CLOCK: [2025-10-23 Thu 15:06]--[2025-10-23 Thu 16:00] =>  0:54
    CLOCK: [2025-10-23 Thu 10:34]--[2025-10-23 Thu 11:08] =>  0:34
    :END:

Incorrect password N times should lock up the account.

Notes:

- need to make bools ints a gain as we can't update them.

Links:

- [[https://github.com/getml/sqlgen/issues/74][#74: Updating boolean data causes an error]]

*** COMPLETED Merge client into console                                :code:

We don't really need a client, we can add this functionality to console.

Notes:

- rename console to cli.
- add a mode in console called =client=.
- add port, etc as configuration variables.
- add the location of cert as configuration variables.
- read variables from environment.

*** COMPLETED Add account support                                      :code:

Links:

- [[https://www.azerothcore.org/wiki/creating-accounts][azeroth: Creating Accounts]]
- [[https://www.azerothcore.org/wiki/account][azeroth: account]]
- [[https://www.mongodb.com/docs/manual/reference/built-in-roles/#std-label-built-in-roles][mongo: Built-In Roles]]

*** COMPLETED Add session support                                      :code:

Users must be able to login and logout.

*** CANCELLED Convert plantuml diagrams to org-babel                    :doc:

*Rationale*: We are now using LLMs to generate the diagrams.

It may be easier to integrate diagrams with roam if they are org-mode documents.
Experiment with babel for this.

*** COMPLETED Build using dynamic libraries                            :code:
    :LOGBOOK:
    CLOCK: [2025-10-26 Sun 22:03]--[2025-10-26 Sun 22:48] =>  0:45
    CLOCK: [2025-10-26 Sun 19:55]--[2025-10-26 Sun 21:30] =>  1:35
    CLOCK: [2025-10-26 Sun 18:45]--[2025-10-26 Sun 19:18] =>  0:33
    CLOCK: [2025-10-26 Sun 00:18]--[2025-10-26 Sun 01:04] =>  0:46
    CLOCK: [2025-10-25 Sat 23:44]--[2025-10-26 Sun 00:18] =>  0:34
    CLOCK: [2025-10-25 Sat 21:10]--[2025-10-25 Sat 23:43] =>  2:33
    CLOCK: [2025-10-25 Sat 00:35]--[2025-10-25 Sat 01:13] =>  0:38
    :END:

This should help with disk space.

Notes:

- try to build using triplet =x64-linux-dynamic=. Actually this builds all of
  the vcpkg dependencies as shared objects. This is problematic because we do
  not know how to package them proper under Linux. It's easier to statically
  link them for now and build only our own SO's. If we ever want to do this
  again, the incantation is:

: ZIC=1 cmake --build --target package --preset linux-clang-debug -DVCPKG_TARGET_TRIPLET=x64-linux-dynamic -DBUILD_SHARED_LIBS=ON

- we use the distro supplied Qt because building it from vcpkg uses too much
  disk space. For that we use overlays. It works fine without overlays too, but
  only for local machine.

: -DVCPKG_OVERLAY_PORTS=/home/marco/Development/OreStudio/OreStudio.local1/build/cmake/overlays/

Links:

- [[https://learn.microsoft.com/en-us/vcpkg/concepts/overlay-ports][Overlay ports]]
- [[https://devblogs.microsoft.com/cppblog/using-system-package-manager-dependencies-with-vcpkg/#using-curl-and-openssl-from-the-system-package-manager][Using curl and OpenSSL from the system package manager]]
- [[https://duerrenberger.dev/blog/2021/08/04/understanding-rpath-with-cmake/][Understanding RPATH (With CMake)]]
- [[https://batuhankoc.medium.com/use-cmake-to-create-and-use-dynamic-libraries-5f6498417b3c][Use CMake to Create and Use Dynamic Libraries]]

*** COMPLETED Enable qt gui                                            :code:
    :LOGBOOK:
    CLOCK: [2025-10-26 Sun 22:49]--[2025-10-26 Sun 22:52] =>  0:03
    CLOCK: [2025-10-24 Fri 17:12]--[2025-10-24 Fri 17:19] =>  0:07
    CLOCK: [2025-10-24 Fri 13:39]--[2025-10-24 Fri 14:10] =>  0:31
    CLOCK: [2025-10-24 Fri 12:17]--[2025-10-24 Fri 13:26] =>  1:09
    CLOCK: [2025-10-24 Fri 12:02]--[2025-10-24 Fri 12:17] =>  0:15
    CLOCK: [2025-10-24 Fri 11:44]--[2025-10-24 Fri 11:58] =>  0:14
    CLOCK: [2025-10-24 Fri 10:21]--[2025-10-24 Fri 10:59] =>  0:38
    CLOCK: [2025-10-24 Fri 09:21]--[2025-10-24 Fri 10:20] =>  0:59
    CLOCK: [2025-10-24 Fri 00:28]--[2025-10-24 Fri 00:42] =>  0:14
    CLOCK: [2025-10-23 Thu 17:56]--[2025-10-23 Thu 17:59] =>  0:03
    :END:

Due to problems building we disabled qt. Enable it again as we are close to
working on it.

Notes:

- remove SQL dependency to see if the build works. Still not enough disk space.
  Will try to build as dynamic libraries - see separate story. This was not
  sufficient. In the end, we used distro-supplied Qt.

*** COMPLETED Merge client into console                                :code:

We don't really need a client, we can add this functionality to console.

Notes:

- rename console to cli.
- add a mode in console called =client=.
- add port, etc as configuration variables.
- add the location of cert as configuration variables.
- read variables from environment.

*** COMPLETED Add account support                                      :code:

Links:

- [[https://www.azerothcore.org/wiki/creating-accounts][azeroth: Creating Accounts]]
- [[https://www.azerothcore.org/wiki/account][azeroth: account]]
- [[https://www.mongodb.com/docs/manual/reference/built-in-roles/#std-label-built-in-roles][mongo: Built-In Roles]]

*** COMPLETED Add session support                                      :code:

Users must be able to login and logout.

*** CANCELLED Convert plantuml diagrams to org-babel                    :doc:

*Rationale*: We are now using LLMs to generate the diagrams.

It may be easier to integrate diagrams with roam if they are org-mode documents.
Experiment with babel for this.

*** COMPLETED Add support for =windows-msvc-clang-cl=                 :infra:

We need to setup a build for MSVC clang.

*** COMPLETED Implement logging according to correct boost.log usage   :code:
    :LOGBOOK:
    CLOCK: [2025-10-27 Mon 23:13]--[2025-10-28 Tue 00:45] =>  1:32
    CLOCK: [2025-10-27 Mon 21:50]--[2025-10-27 Mon 23:12] =>  1:22
    CLOCK: [2025-10-27 Mon 15:46]--[2025-10-27 Mon 18:02] =>  2:16
    CLOCK: [2025-10-27 Mon 14:59]--[2025-10-27 Mon 15:04] =>  0:05
    CLOCK: [2025-10-27 Mon 14:30]--[2025-10-27 Mon 14:58] =>  0:28
    CLOCK: [2025-10-27 Mon 12:23]--[2025-10-27 Mon 13:50] =>  1:27
    CLOCK: [2025-10-27 Mon 11:30]--[2025-10-27 Mon 12:22] =>  0:52
    :END:

It seems our use of local statics for loggers is causing issues with memory
allocation. Maybe it isn't but it is one possible reason why valgrind traces are
so noisy. Try to implement class-level logging according to idiomatic boost.log
uses.

*** COMPLETED Fix broken Linux and OSX tests                           :code:
    :LOGBOOK:
    CLOCK: [2025-10-28 Tue 09:00]--[2025-10-28 Tue 09:10] =>  0:10
    :END:

At present a number of tests are failing on the github agents:

#+begin_src sh
Running 1 test case...

,*** No errors detected
double free or corruption (out)
Subprocess aborted
#+end_src

They all work correctly on the local machine.


*** COMPLETED Fix broken windows builds                                :code:
    :LOGBOOK:
    CLOCK: [2025-10-28 Tue 22:00]--[2025-10-28 Tue 23:06] =>  1:06
    CLOCK: [2025-10-28 Tue 17:30]--[2025-10-28 Tue 18:21] =>  0:51
    CLOCK: [2025-10-28 Tue 15:10]--[2025-10-28 Tue 15:39] =>  0:29
    CLOCK: [2025-10-27 Mon 09:13]--[2025-10-27 Mon 09:22] =>  0:09
    :END:

Windows builds are failing on tests.

The issue is missing DLLs:

#+begin_src sh
4: Test command: D:\a\_temp\-165898502\cmake-4.1.2-windows-x86_64\bin\cmake.exe "-E" "chdir" "D:/a/OreStudio/OreStudio/build/output/windows-msvc-debug/projects/ores.cli.tests/" "D:/a/OreStudio/OreStudio/build/output/windows-msvc-debug/projects/ores.cli.tests//ores.cli.tests" "--run_test=parser_tests/test_export_help" "--log_level=error"
4: Working Directory: D:/a/OreStudio/OreStudio/build/output/windows-msvc-debug/projects/ores.cli.tests
2: Exit code 0xc0000135
2:
1: Exit code 0xc0000135
1:
3: Exit code 0xc0000135
3:
 1/41 Test  #1: ores.cli.tests/parser_tests/test_help_option ...................................................***Failed    0.05 sec
Exit code 0xc0000135
#+end_src

This means we are missing DLLs:

#+begin_quote
//
// MessageId: STATUS_DLL_NOT_FOUND
//
// MessageText:
//
// The program can't start because %hs is missing from your computer.
// Try reinstalling the program to fix this problem.
//
#define STATUS_DLL_NOT_FOUND             ((NTSTATUS)0xC0000135L)    // winnt
#+end_quote

We need to tell cmake/vcpkg to copy the DLLs on windows.

Links:

- [[https://stackoverflow.com/questions/11432940/what-does-error-code-0xc0000135-or-1073741515-exit-code-mean-when-starting-a][What does Error-code 0xc0000135 (or -1073741515 Exit-code) mean when starting
  a Windows app?]]

*** COMPLETED Investigate leaks from valgrind                          :code:
    :LOGBOOK:
    CLOCK: [2025-10-28 Tue 00:46]--[2025-10-28 Tue 00:51] =>  0:05
    CLOCK: [2025-10-23 Thu 09:46]--[2025-10-23 Thu 10:32] =>  0:46
    :END:

We have a number of new leaks in valgrind, check if they are real leaks or
require suppressions.

Leak 1:

#+begin_src valgrind-leak
<b>MPK</b> ==46924== 32 bytes in 1 blocks are still reachable in loss record 1 of 12
==46924==    at 0x4846828: malloc (in /usr/libexec/valgrind/vgpreload_memcheck-amd64-linux.so)
==46924==    by 0x75A94B: CRYPTO_malloc (mem.c:212)
==46924==    by 0x75A9AE: CRYPTO_zalloc (mem.c:224)
==46924==    by 0x975D85: ossl_sa_new (sparse_array.c:60)
==46924==    by 0x76E804: ossl_sa_CTX_TABLE_ENTRY_new (threads_common.c:110)
==46924==    by 0x76EB87: CRYPTO_THREAD_set_local_ex (threads_common.c:379)
==46924==    by 0x718766: ossl_err_get_state_int (err.c:678)
==46924==    by 0x719855: ERR_set_mark (err_mark.c:19)
==46924==    by 0x6BBE13: CONF_modules_load_file_ex (conf_mod.c:198)
==46924==    by 0x90DED3: ossl_config_int (conf_sap.c:70)
==46924==    by 0x759087: ossl_init_config (init.c:282)
==46924==    by 0x759069: ossl_init_config_ossl_ (init.c:280)
==46924==    by 0x4C9CED2: __pthread_once_slow (pthread_once.c:116)
==46924==    by 0x76F93D: CRYPTO_THREAD_run_once (threads_pthread.c:975)
==46924==    by 0x75983D: OPENSSL_init_crypto (init.c:634)
==46924==    by 0x942821: ossl_engine_table_select (eng_table.c:209)
==46924==    by 0x942D2F: ENGINE_get_default_RAND (tb_rand.c:61)
==46924==    by 0x782C1F: RAND_get_rand_method (rand_lib.c:290)
==46924==    by 0x7831AA: RAND_bytes_ex (rand_lib.c:466)
==46924==    by 0x78336D: RAND_bytes (rand_lib.c:501)
==46924==    by 0x287012: ores::accounts::security::password_manager::create_password_hash(std::__cxx11::basic_string<char, std::char_traits<char>, std::allocator<char> > const&) (projects/ores.accounts/security/password_manager.cpp:128)
==46924==    by 0x228EF7: security_password_manager_tests::verify_password_hash::test_method() (projects/ores.accounts.tests/security_password_manager_tests.cpp:39)
==46924==    by 0x228832: security_password_manager_tests::verify_password_hash_invoker() (projects/ores.accounts.tests/security_password_manager_tests.cpp:35)
==46924==    by 0x20BF7B: boost::detail::function::void_function_invoker<void (*)(), void>::invoke(boost::detail::function::function_buffer&) (function_template.hpp:59)
==46924==    by 0x2E5DA2: boost::function_n<void>::operator()() const (function_template.hpp:789)
==46924==    by 0x369D38: boost::detail::forward::operator()() (execution_monitor.ipp:1416)
==46924==    by 0x36B0D7: boost::detail::function::function_obj_invoker<boost::detail::forward, int>::invoke(boost::detail::function::function_buffer&) (function_template.hpp:79)
==46924==    by 0x29AF78: boost::function_n<int>::operator()() const (function_template.hpp:789)
==46924==    by 0x29A83C: boost::detail::translator_holder<boost::exception, void (*)(boost::exception const&)>::operator()(boost::function<int ()> const&) (execution_monitor.hpp:448)
==46924==    by 0x36A3B0: int boost::detail::do_invoke<boost::shared_ptr<boost::detail::translator_holder_base>, boost::function<int ()> >(boost::shared_ptr<boost::detail::translator_holder_base> const&, boost::function<int ()> const&) (execution_monitor.ipp:329)
==46924==    by 0x368638: boost::execution_monitor::catch_signals(boost::function<int ()> const&) (execution_monitor.ipp:931)
==46924==    by 0x3687E6: boost::execution_monitor::execute(boost::function<int ()> const&) (execution_monitor.ipp:1329)
==46924==    by 0x36971F: boost::execution_monitor::vexecute(boost::function<void ()> const&) (execution_monitor.ipp:1425)
==46924==    by 0x3216EC: boost::unit_test::unit_test_monitor_t::execute_and_translate(boost::function<void ()> const&, unsigned long) (unit_test_monitor.ipp:49)
==46924==    by 0x2E4691: boost::unit_test::framework::state::execute_test_tree(unsigned long, unsigned long, boost::unit_test::framework::state::random_generator_helper const*) (framework.ipp:815)
==46924==    by 0x2E3B3D: boost::unit_test::framework::state::execute_test_tree(unsigned long, unsigned long, boost::unit_test::framework::state::random_generator_helper const*) (framework.ipp:740)
==46924==    by 0x2E3B3D: boost::unit_test::framework::state::execute_test_tree(unsigned long, unsigned long, boost::unit_test::framework::state::random_generator_helper const*) (framework.ipp:740)
==46924==    by 0x2DD37B: boost::unit_test::framework::run(unsigned long, bool) (framework.ipp:1722)
==46924==    by 0x31F63D: boost::unit_test::unit_test_main(boost::unit_test::test_suite* (*)(int, char**), int, char**) (unit_test_main.ipp:250)
==46924==    by 0x31F9E1: main (unit_test_main.ipp:306)
==46924==
#+end_src

All leaks are related to OpenSSL. Let's see if gemini's fix helps.

*** CANCELLED Investigate build warning for qtbase                    :infra:

*Rationale*: we are now using qt from the distro.

At present we are getting:

#+begin_src
Building qtbase[brotli,concurrent,core,dbus,dnslookup,doubleconversion,egl,fontconfig,freetype,gui,harfbuzz,icu,jpeg,network,opengl,openssl,pcre2,png,sql,sql-psql,sql-sqlite,testlib,thread,widgets,xcb,xcb-xlib,xkb,xkbcommon-x11,xlib,xrender,zstd]:x64-linux@6.8.3#5...
CMake Warning at ports/qtbase/portfile.cmake:49 (message):
  qtbase currently requires packages from the system package manager.  They
  can be installed on Ubuntu systems via sudo apt-get install '^libxcb.*-dev'
  libx11-xcb-dev libglu1-mesa-dev libxrender-dev libxi-dev libxkbcommon-dev
  libxkbcommon-x11-dev libegl1-mesa-dev.
#+end_src

According to grok:

#+begin_quote
The CMake warning from ports/qtbase/portfile.cmake indicates that the qtbase
package in vcpkg requires additional system dependencies (like libxcb and
others) to be installed on your system, specifically for Ubuntu. This warning
appears because vcpkg detects that these dependencies are not satisfied. To
remove the warning, you need to install the required system packages or suppress
the warning if you’re sure the dependencies are met or not needed.
#+end_quote

We seem to be installing all of the required libraries on our script. We may
need to:

#+begin_src bash
export VCPKG_DISABLE_SYSTEM_PACKAGE_CHECK=1
#+end_src

*** COMPLETED Consider adding a postgres database to CI                :code:
    :LOGBOOK:
    CLOCK: [2025-11-01 Sat 23:00]--[2025-11-01 Sat 23:35] =>  0:35
    CLOCK: [2025-11-01 Sat 19:35]--[2025-11-01 Sat 22:00] =>  2:25
    CLOCK: [2025-11-01 Sat 11:28]--[2025-11-01 Sat 13:10] =>  1:42
    CLOCK: [2025-11-01 Sat 10:20]--[2025-11-01 Sat 11:00] =>  0:40
    CLOCK: [2025-10-31 Fri 21:35]--[2025-10-31 Fri 22:10] =>  0:35
    CLOCK: [2025-10-31 Fri 20:15]--[2025-10-31 Fri 21:13] =>  0:58
    CLOCK: [2025-10-31 Fri 18:31]--[2025-10-31 Fri 19:04] =>  0:33
    CLOCK: [2025-10-29 Wed 13:34]--[2025-10-29 Wed 20:19] =>  6:45
    :END:

We could easily add a database and have basic tests which exercise the
repository. They would also test the SQL for creating tables, etc.

- we can generate a test database as part of the tests. It could be populated
  using [[https://github.com/cieslarmichal/faker-cxx][faker-cxx]].

Notes:

- updated postgres to standard ports.

Links:

- [[https://github.com/marketplace/actions/setup-postgresql-for-linux-macos-windows][Setup PostgreSQL for Linux/macOS/Windows]]

*** COMPLETED Fix misspell that causes build to break                  :code:
    :LOGBOOK:
    CLOCK: [2025-10-28 Tue 18:22]--[2025-10-28 Tue 18:34] =>  0:12
    :END:

For some reason when we have a typo on URLs in org-mode files, it causes
misspell fixer to break. To test locally:

#+begin_src sh
misspell-fixer -svn .
#+end_src

*** COMPLETED Improve code coverage                                    :code:
    :LOGBOOK:
    CLOCK: [2025-11-02 Sun 19:21]--[2025-11-02 Sun 20:12] =>  0:51
    CLOCK: [2025-11-02 Sun 18:47]--[2025-11-02 Sun 19:05] =>  0:18
    CLOCK: [2025-11-02 Sun 12:02]--[2025-11-02 Sun 12:37] =>  0:35
    CLOCK: [2025-11-02 Sun 11:02]--[2025-11-02 Sun 12:01] =>  0:59
    CLOCK: [2025-11-02 Sun 10:52]--[2025-11-02 Sun 11:02] =>  0:10
    CLOCK: [2025-11-02 Sun 09:35]--[2025-11-02 Sun 10:42] =>  1:07
    CLOCK: [2025-11-02 Sun 08:50]--[2025-11-02 Sun 09:05] =>  0:15
    :END:

We need to get code coverage green before we start to add more features.

*** COMPLETED vcpkg cannot apply patch on windowws                    :infra:
    :LOGBOOK:
    CLOCK: [2025-11-05 Wed 13:21]--[2025-11-05 Wed 13:28] =>  0:07
    CLOCK: [2025-11-04 Tue 15:51]--[2025-11-04 Tue 16:36] =>  0:45
    CLOCK: [2025-11-04 Tue 09:43]--[2025-11-04 Tue 10:17] =>  0:34
    CLOCK: [2025-11-02 Sun 20:51]--[2025-11-02 Sun 21:11] =>  0:20
    :END:

Error:

#+begin_src sh
Successfully downloaded getml-sqlgen-v0.3.0.tar.gz
-- Extracting source D:/a/OreStudio/OreStudio/vcpkg/downloads/getml-sqlgen-v0.3.0.tar.gz
-- Applying patch sqlgen-schema-fix.patch
Error(s) when configuring the project
-- Applying patch boolean_data_fix_69.patch
CMake Error at D:/a/OreStudio/OreStudio/CTest.cmake:279 (message):
Error:   Failed to configure


-- Applying patch insert_after_failure_68.patch
CMake Error at scripts/cmake/z_vcpkg_apply_patches.cmake:34 (message):
Error:   Applying patch failed: error: corrupt patch at line 21

Call Stack (most recent call first):
  scripts/cmake/vcpkg_extract_source_archive.cmake:147 (z_vcpkg_apply_patches)
  scripts/cmake/vcpkg_extract_source_archive_ex.cmake:8 (vcpkg_extract_source_archive)
  scripts/cmake/vcpkg_from_github.cmake:127 (vcpkg_extract_source_archive_ex)
  D:/a/OreStudio/OreStudio/build/cmake/overlays/common/sqlgen/portfile.cmake:1 (vcpkg_from_github)
  scripts/ports.cmake:206 (include)


error: building sqlgen:x64-windows failed with: BUILD_FAILED
#+end_src

Nothing obviously wrong with the patches. We need to build it locally on windows
and see if we can reproduce the issue.

The problem may be related to line endings. Trying to use git attributes to
force patch files to be binary.

Merged:

*Patches for sqlgen are not applying on windows*

Windows builds are failing with patch errors:

#+begin_src sh
Successfully downloaded getml-sqlgen-v0.3.0.tar.gz
-- Extracting source D:/a/OreStudio/OreStudio/vcpkg/downloads/getml-sqlgen-v0.3.0.tar.gz
-- Applying patch sqlgen-schema-fix.patch
-- Applying patch boolean_data_fix_69.patch
-- Applying patch insert_after_failure_68.patch
CMake Error at scripts/cmake/z_vcpkg_apply_patches.cmake:34 (message):
Error:   Applying patch failed: error: corrupt patch at line 21

Call Stack (most recent call first):
  scripts/cmake/vcpkg_extract_source_archive.cmake:147 (z_vcpkg_apply_patches)
  scripts/cmake/vcpkg_extract_source_archive_ex.cmake:8 (vcpkg_extract_source_archive)
  scripts/cmake/vcpkg_from_github.cmake:127 (vcpkg_extract_source_archive_ex)
  D:/a/OreStudio/OreStudio/build/cmake/overlays/common/sqlgen/portfile.cmake:1 (vcpkg_from_github)
  scripts/ports.cmake:206 (include)
#+end_src

*** COMPLETED Update prodigy to use tags                               :code:
    :LOGBOOK:
    CLOCK: [2025-11-05 Wed 13:29]--[2025-11-05 Wed 13:55] =>  0:26
    :END:

At present we hard-coded the credentials in prodigy. We need to set them up from
auth and use a tag.

*** COMPLETED Add command line arguments for database to service       :code:
    :LOGBOOK:
    CLOCK: [2025-11-04 Tue 22:40]--[2025-11-04 Tue 22:49] =>  0:09
    CLOCK: [2025-11-04 Tue 18:46]--[2025-11-04 Tue 19:00] =>  0:14
    CLOCK: [2025-11-04 Tue 17:30]--[2025-11-04 Tue 18:46] =>  1:16
    CLOCK: [2025-11-04 Tue 16:37]--[2025-11-04 Tue 17:00] =>  0:23
    CLOCK: [2025-11-04 Tue 15:20]--[2025-11-04 Tue 15:50] =>  0:30
    CLOCK: [2025-11-04 Tue 11:02]--[2025-11-04 Tue 11:43] =>  0:41
    CLOCK: [2025-11-04 Tue 10:19]--[2025-11-04 Tue 10:40] =>  0:21
    :END:

At present we have hard-coded database credentials. Make these command line
args. Update prodigy.

Notes:

- we are using the defaults incorrectly. Set them as part of the options
  descriptions setup and remove manual handling code.

*** COMPLETED Separate test database usage from application            :code:
    :LOGBOOK:
    CLOCK: [2025-11-05 Wed 17:20]--[2025-11-05 Wed 18:40] =>  1:20
    CLOCK: [2025-11-03 Mon 21:52]--[2025-11-03 Mon 22:19] =>  0:27
    CLOCK: [2025-11-02 Sun 21:12]--[2025-11-02 Sun 22:44] =>  1:32
    CLOCK: [2025-11-02 Sun 20:36]--[2025-11-02 Sun 20:50] =>  0:14
    :END:

At present tests are trampling over the application, deleting accounts,
currencies, etc. They are also trampling over each other. We need a way to
isolate them.

Notes:

- retest all of the import and export commands: "Note: The import command has a
  boost::bad_any_cast error that appears to be a pre-existing issue unrelated to
  the client removal work, as export works correctly with the same database
  setup."
- update recipes with separate client org-mode file.
- we can't call the env vars for the program options the same name as the env
  vars used for the tests because we are trampling over the tests. We could call
  them =TEST_ORES= or some other prefix.

*** COMPLETED Split test code from utility                             :code:
    :LOGBOOK:
    CLOCK: [2025-11-05 Wed 20:07]--[2025-11-05 Wed 23:44] =>  3:37
    CLOCK: [2025-11-05 Wed 18:41]--[2025-11-05 Wed 19:45] =>  1:04
    :END:

At present utility is linking with Catch2 because it has helpers for tests. We
need to create a library just for testing so that only tests link to it.
However, we cannot call it =ores.utility.tests= as that would be confusing. maybe it
can be called =ores.testing=.

Notes:

- remove io_context from cli.

*** COMPLETED Add tests at test suite level to ctest                   :code:
    :LOGBOOK:
    CLOCK: [2025-11-06 Thu 00:04]--[2025-11-06 Thu 00:17] =>  0:13
    :END:

At present we are adding one test at a time to CTest. Now that we have database
isolation, this makes the tests very slow. We need to be able to run the entire
test suite in one go.

*** COMPLETED Cli tests are failing on github                          :code:
    :LOGBOOK:
    CLOCK: [2025-11-06 Thu 11:15]--[2025-11-06 Thu 12:00] =>  0:45
    CLOCK: [2025-11-06 Thu 10:51]--[2025-11-06 Thu 10:57] =>  0:06
    CLOCK: [2025-11-06 Thu 10:37]--[2025-11-06 Thu 10:44] =>  0:07
    :END:

Notes:

- not clear why the tests are failing. Dump test results XML to console for
  analysis.

*** COMPLETED Add generators for test data generation                  :code:
    :LOGBOOK:
    CLOCK: [2025-11-06 Thu 21:33]--[2025-11-06 Thu 23:09] =>  1:36
    CLOCK: [2025-11-06 Thu 20:51]--[2025-11-06 Thu 21:07] =>  0:16
    CLOCK: [2025-11-06 Thu 13:54]--[2025-11-06 Thu 17:50] =>  3:56
    CLOCK: [2025-11-06 Thu 12:01]--[2025-11-06 Thu 13:53] =>  1:52
    :END:

At present our test data is very synthetic. We now have faker, make it a bit
more realistic.

Notes:

- rename fake to synthetic.

*** COMPLETED Add write one to repository                              :code:

We should follow the mongo patterns and have a write one and write many
repository methods. At present we have to create a vector just to write a single
entity.

*** COMPLETED Add postgres support for currency                        :code:

We need to have the ability to read and write currencies from a postgres
database.

*** COMPLETED Create a staging directory                              :infra:

*Rationale*: we called it publish.

At present the binaries are scattered around the build directory. We should take
the same approach as Dogen and create clean directories for this.

*** COMPLETED Tidy-up tests after refactor                             :code:
    :LOGBOOK:
    CLOCK: [2025-11-06 Thu 23:15]--[2025-11-06 Thu 23:27] =>  0:12
    :END:

Make all tests uniform in the use of generators, tags, etc.

*** BLOCKED CTest shows only one test per test suite                   :code:
    :LOGBOOK:
    CLOCK: [2025-11-06 Thu 09:21]--[2025-11-06 Thu 09:47] =>  0:26
    :END:

We need to be able to see individual tests and the reasons for their failures.

Notes:

- raised an issue with CMake.

Links:

- [[https://gitlab.kitware.com/cmake/cmake/-/issues/27363][#27363: CTest: Uploading generated JUnit XML from the test harness]]
- [[https://public.kitware.com/pipermail/cdash/2015-February/001544.html][[Cdash] How to send a JUnit result file to CDash server with CTest?]]

*** BLOCKED Resolve all of the OpenSSL leaks in valgrind               :code:
    :LOGBOOK:
    CLOCK: [2025-11-06 Thu 09:48]--[2025-11-06 Thu 10:09] =>  0:21
    CLOCK: [2025-11-05 Wed 14:52]--[2025-11-05 Wed 15:07] =>  0:15
    :END:

We are freeing up open SSL memory and still have leaks. For now just apply the
suppression suggestions and deal with this later.

*** STARTED Add support for feature flags                              :code:
    :LOGBOOK:
    CLOCK: [2025-10-24 Fri 01:25]--[2025-10-24 Fri 01:34] =>  0:09
    CLOCK: [2025-10-24 Fri 00:43]--[2025-10-24 Fri 01:24] =>  0:41
    CLOCK: [2025-10-23 Thu 23:50]--[2025-10-24 Fri 00:25] =>  0:35
    :END:

We need a way to know if we are in bootstrap mode or not. Implement a generic
mechanism for feature flags.

Example chrome flag:

#+begin_quote
Temporarily unexpire M139 flags.

Temporarily unexpire flags that expired as of M139. These flags will be removed
soon. – Mac, Windows, Linux, ChromeOS, Android

#temporary-unexpire-flags-m139
#+end_quote

Components:

- name: human readable
- description
- id

*** STARTED Implement authentication bootstrap workflow                :code:
    :LOGBOOK:
    CLOCK: [2025-10-23 Thu 17:30]--[2025-10-23 Thu 17:55] =>  0:25
    :END:

Notes:

- when there are no accounts setup, the repl should say to the user that it
  needs to create an admin account.
- first account must be admin.
- once there is an account we need to make sure the user is logged in before we
  process most message types.

Mongo message:

#+begin_src logview
2020-06-09T13:26:51.391+0000 I  CONTROL  [initandlisten] ** WARNING: Access control is not enabled for the database.
2020-06-09T13:26:51.391+0000 I  CONTROL  [initandlisten] **          Read and write access to data and configuration is unrestricted.
#+end_src

Requirements:

#+begin_src markdown
# Authentication Bootstrapping Requirements

## R1: Initial System State (Bootstrap Mode)

The system **MUST** start in a special **"Bootstrap Mode"** where the only
permitted action is the creation of the initial Administrator account.

## R2: Access Control in Bootstrap Mode

While the system is in Bootstrap Mode:

- **R2.1: Allowed Endpoint:** The service **MUST** only expose and accept
  requests for a single endpoint: `POST /api/v1/accounts/create-admin` (or
  equivalent).
- **R2.2: Local-Only Restriction:** All requests to the allowed endpoint
  ,**MUST** originate from a **trusted local interface** (e.g., `127.0.0.1` or
  the server's designated internal IP range). Requests from any external/public
  IP address **MUST** be rejected.
- **R2.3: General Endpoint Rejection:** All other API endpoints (e.g., login,
  user creation, data access) **MUST** immediately return a $\mathbf{403}$
  ,**Forbidden** or $\mathbf{401}$ **Unauthorized** status, along with a clear
  message indicating the system is in setup mode.

## R3: Initial Admin Account Creation

The first account created through the allowed endpoint **MUST** adhere to the
following:

- **R3.1: Mandatory Admin Role:** The account **MUST** be assigned the highest
  level of **Administrator privileges** (`is_admin: true`).
- **R3.2: Strong Password Policy:** The request **MUST** be validated against a
  strong password policy (e.g., minimum 12 characters, requiring a mix of case,
  numbers, and symbols). Failure to meet this standard **MUST** result in a
  $\mathbf{400}$ **Bad Request** error.
- **R3.3: One-Time Execution:** The administrator creation process **MUST** only
  be allowed to succeed **exactly once**.

## R4: System State Transition

Upon successful creation of the first Administrator account (R3):

- **R4.1: State Change:** The system **MUST** immediately and atomically
  transition from **"Bootstrap Mode"** to **"Secure Mode"**. This state change
  ,**MUST** be persisted.
- **R4.2: Bootstrap Endpoint Deactivation:** The `POST
  /api/v1/accounts/create-admin` endpoint **MUST** be permanently disabled. Any
  subsequent request to this endpoint **MUST** return a $\mathbf{403}$
  ,**Forbidden** error.

## R5: Secure Mode Operation

Once the system is in **"Secure Mode"**:

- **R5.1: General Access Control:** All operational API endpoints **MUST** now
  enforce **full authentication and authorization**.
- **R5.2: Mandatory Login:** All users, including the newly created
  Administrator, **MUST** successfully complete a login process to obtain a
  valid session token before accessing any resource.
- **R5.3: Standard Account Creation:** The standard non-admin account creation
  endpoint (`POST /api/v1/accounts/create`) **MUST** become available, subject
  to any configured access controls (e.g., only open to logged-in Admins, or
  fully public).
#+end_src

Links:

- [[https://www.digitalocean.com/community/tutorials/how-to-secure-mongodb-on-ubuntu-20-04][How To Secure MongoDB on Ubuntu 20.04]]

*** STARTED Add connect command line argument                          :code:
    :LOGBOOK:
    CLOCK: [2025-11-07 Fri 00:04]--[2025-11-07 Fri 00:15] =>  0:11
    CLOCK: [2025-11-05 Wed 23:52]--[2025-11-06 Thu 00:03] =>  0:11
    :END:

To avoid leaking secrets it should be possible to supply a =--connect= in the
client. We still need a connect in case we want to reconnect.

Notes:

- clean up parser in client, not using common logging.
- add environment mapping to client.

*** STARTED Ignore warnings on windows and osx                         :code:
    :LOGBOOK:
    CLOCK: [2025-11-06 Thu 23:28]--[2025-11-06 Thu 23:43] =>  0:15
    :END:

At present we have a number of spurious warnings on both windows and OSX. Try to
see if we can get CDash to ignore them

*** Remove postgres passwords from github workflows                    :code:

As a quick hack we added the dev passwords to the workflows. We should really
generate these on the fly and supply them to the tests.

*** Allow supplying the postgres connection URI                        :code:

At present we are supplying all of the components for the connection. It may be
easier to allow the entire URI:

- connection-uri: The connection URI to connect to PostgreSQL. Example:
  =postgresql://postgres:postgres@localhost/postgres=.

*** Consider adding log command line options to qt                     :code:

At present we have hard-coded logging options. However, maybe users should be
able to change the logging settings from the UI rather than having to restart
the app and supply command line options.

*** Investigate valgrind leak on sqlgen                                :code:

Is this a real leak:

#+begin_src valgrind-leak
==2599359==
==2599359== HEAP SUMMARY:
==2599359==     in use at exit: 11,421 bytes in 78 blocks
==2599359==   total heap usage: 403,744 allocs, 403,666 frees, 161,473,513 bytes allocated
==2599359==
==2599359== 1,944 bytes in 9 blocks are definitely lost in loss record 20 of 21
==2599359==    at 0x4F2B818: malloc (vg_replace_malloc.c:446)
==2599359==    by 0x5AE29FF: PQmakeEmptyPGresult (fe-exec.c:161)
==2599359==    by 0x5AEA9F2: pqParseInput3 (fe-protocol3.c:264)
==2599359==    by 0x5AE5853: parseInput (fe-exec.c:1997)
==2599359==    by 0x5AE5975: PQgetResult (fe-exec.c:2083)
==2599359==    by 0x5AE5FB7: PQexecFinish (fe-exec.c:2388)
==2599359==    by 0x5AE5D98: PQprepare (fe-exec.c:2275)
==2599359==    by 0x5A7F688: sqlgen::postgres::Connection::insert(sqlgen::dynamic::Insert const&, std::vector<std::vector<std::optional<std::__cxx11::basic_string<char, std::char_traits<char>, std::allocator<char> > >, std::allocator<std::optional<std::__cxx11::basic_string<char, std::char_traits<char>, std::allocator<char> > > > >, std::allocator<std::vector<std::optional<std::__cxx11::basic_string<char, std::char_traits<char>, std::allocator<char> > >, std::allocator<std::optional<std::__cxx11::basic_string<char, std::char_traits<char>, std::allocator<char> > > > > > > const&) (Connection.cpp:44)
==2599359==    by 0x525189F: sqlgen::Session<sqlgen::postgres::Connection>::insert(sqlgen::dynamic::Insert const&, std::vector<std::vector<std::optional<std::__cxx11::basic_string<char, std::char_traits<char>, std::allocator<char> > >, std::allocator<std::optional<std::__cxx11::basic_string<char, std::char_traits<char>, std::allocator<char> > > > >, std::allocator<std::vector<std::optional<std::__cxx11::basic_string<char, std::char_traits<char>, std::allocator<char> > >, std::allocator<std::optional<std::__cxx11::basic_string<char, std::char_traits<char>, std::allocator<char> > > > > > > const&) (Session.hpp:50)
==2599359==    by 0x523F4FF: sqlgen::Transaction<sqlgen::Session<sqlgen::postgres::Connection> >::insert(sqlgen::dynamic::Insert const&, std::vector<std::vector<std::optional<std::__cxx11::basic_string<char, std::char_traits<char>, std::allocator<char> > >, std::allocator<std::optional<std::__cxx11::basic_string<char, std::char_traits<char>, std::allocator<char> > > > >, std::allocator<std::vector<std::optional<std::__cxx11::basic_string<char, std::char_traits<char>, std::allocator<char> > >, std::allocator<std::optional<std::__cxx11::basic_string<char, std::char_traits<char>, std::allocator<char> > > > > > > const&) (Transaction.hpp:61)
==2599359==    by 0x523EE20: rfl::Result<rfl::Ref<sqlgen::Transaction<sqlgen::Session<sqlgen::postgres::Connection> > > > sqlgen::insert_impl<__gnu_cxx::__normal_iterator<ores::accounts::repository::account_entity const*, std::vector<ores::accounts::repository::account_entity, std::allocator<ores::accounts::repository::account_entity> > >, __gnu_cxx::__normal_iterator<ores::accounts::repository::account_entity const*, std::vector<ores::accounts::repository::account_entity, std::allocator<ores::accounts::repository::account_entity> > >, sqlgen::Transaction<sqlgen::Session<sqlgen::postgres::Connection> > >(rfl::Ref<sqlgen::Transaction<sqlgen::Session<sqlgen::postgres::Connection> > > const&, __gnu_cxx::__normal_iterator<ores::accounts::repository::account_entity const*, std::vector<ores::accounts::repository::account_entity, std::allocator<ores::accounts::repository::account_entity> > >, __gnu_cxx::__normal_iterator<ores::accounts::repository::account_entity const*, std::vector<ores::accounts::repository::account_entity, std::allocator<ores::accounts::repository::account_entity> > >, bool) requires is_connection<sqlgen::Transaction<sqlgen::Session<sqlgen::postgres::Connection> > > (insert.hpp:46)
==2599359==    by 0x523EB55: auto sqlgen::insert_impl<std::vector<ores::accounts::repository::account_entity, std::allocator<ores::accounts::repository::account_entity> >, rfl::Ref<sqlgen::Transaction<sqlgen::Session<sqlgen::postgres::Connection> > > >(rfl::Ref<sqlgen::Transaction<sqlgen::Session<sqlgen::postgres::Connection> > > const&, std::vector<ores::accounts::repository::account_entity, std::allocator<ores::accounts::repository::account_entity> > const&, bool) (insert.hpp:69)
==2599359==
==2599359== 3,672 bytes in 17 blocks are definitely lost in loss record 21 of 21
==2599359==    at 0x4F2B818: malloc (vg_replace_malloc.c:446)
==2599359==    by 0x5AE29FF: PQmakeEmptyPGresult (fe-exec.c:161)
==2599359==    by 0x5AEA78E: pqParseInput3 (fe-protocol3.c:200)
==2599359==    by 0x5AE5853: parseInput (fe-exec.c:1997)
==2599359==    by 0x5AE5975: PQgetResult (fe-exec.c:2083)
==2599359==    by 0x5AE5FB7: PQexecFinish (fe-exec.c:2388)
==2599359==    by 0x5AE5E15: PQexecPrepared (fe-exec.c:2298)
==2599359==    by 0x5A7FB5B: sqlgen::postgres::Connection::insert(sqlgen::dynamic::Insert const&, std::vector<std::vector<std::optional<std::__cxx11::basic_string<char, std::char_traits<char>, std::allocator<char> > >, std::allocator<std::optional<std::__cxx11::basic_string<char, std::char_traits<char>, std::allocator<char> > > > >, std::allocator<std::vector<std::optional<std::__cxx11::basic_string<char, std::char_traits<char>, std::allocator<char> > >, std::allocator<std::optional<std::__cxx11::basic_string<char, std::char_traits<char>, std::allocator<char> > > > > > > const&) (Connection.cpp:72)
==2599359==    by 0x525189F: sqlgen::Session<sqlgen::postgres::Connection>::insert(sqlgen::dynamic::Insert const&, std::vector<std::vector<std::optional<std::__cxx11::basic_string<char, std::char_traits<char>, std::allocator<char> > >, std::allocator<std::optional<std::__cxx11::basic_string<char, std::char_traits<char>, std::allocator<char> > > > >, std::allocator<std::vector<std::optional<std::__cxx11::basic_string<char, std::char_traits<char>, std::allocator<char> > >, std::allocator<std::optional<std::__cxx11::basic_string<char, std::char_traits<char>, std::allocator<char> > > > > > > const&) (Session.hpp:50)
==2599359==    by 0x523F4FF: sqlgen::Transaction<sqlgen::Session<sqlgen::postgres::Connection> >::insert(sqlgen::dynamic::Insert const&, std::vector<std::vector<std::optional<std::__cxx11::basic_string<char, std::char_traits<char>, std::allocator<char> > >, std::allocator<std::optional<std::__cxx11::basic_string<char, std::char_traits<char>, std::allocator<char> > > > >, std::allocator<std::vector<std::optional<std::__cxx11::basic_string<char, std::char_traits<char>, std::allocator<char> > >, std::allocator<std::optional<std::__cxx11::basic_string<char, std::char_traits<char>, std::allocator<char> > > > > > > const&) (Transaction.hpp:61)
==2599359==    by 0x523EE20: rfl::Result<rfl::Ref<sqlgen::Transaction<sqlgen::Session<sqlgen::postgres::Connection> > > > sqlgen::insert_impl<__gnu_cxx::__normal_iterator<ores::accounts::repository::account_entity const*, std::vector<ores::accounts::repository::account_entity, std::allocator<ores::accounts::repository::account_entity> > >, __gnu_cxx::__normal_iterator<ores::accounts::repository::account_entity const*, std::vector<ores::accounts::repository::account_entity, std::allocator<ores::accounts::repository::account_entity> > >, sqlgen::Transaction<sqlgen::Session<sqlgen::postgres::Connection> > >(rfl::Ref<sqlgen::Transaction<sqlgen::Session<sqlgen::postgres::Connection> > > const&, __gnu_cxx::__normal_iterator<ores::accounts::repository::account_entity const*, std::vector<ores::accounts::repository::account_entity, std::allocator<ores::accounts::repository::account_entity> > >, __gnu_cxx::__normal_iterator<ores::accounts::repository::account_entity const*, std::vector<ores::accounts::repository::account_entity, std::allocator<ores::accounts::repository::account_entity> > >, bool) requires is_connection<sqlgen::Transaction<sqlgen::Session<sqlgen::postgres::Connection> > > (insert.hpp:46)
==2599359==    by 0x523EB55: auto sqlgen::insert_impl<std::vector<ores::accounts::repository::account_entity, std::allocator<ores::accounts::repository::account_entity> >, rfl::Ref<sqlgen::Transaction<sqlgen::Session<sqlgen::postgres::Connection> > > >(rfl::Ref<sqlgen::Transaction<sqlgen::Session<sqlgen::postgres::Connection> > > const&, std::vector<ores::accounts::repository::account_entity, std::allocator<ores::accounts::repository::account_entity> > const&, bool) (insert.hpp:69)
==2599359==
==2599359== LEAK SUMMARY:
==2599359==    definitely lost: 5,616 bytes in 26 blocks
==2599359==    indirectly lost: 0 bytes in 0 blocks
==2599359==      possibly lost: 0 bytes in 0 blocks
==2599359==    still reachable: 5,805 bytes in 52 blocks
==2599359==         suppressed: 0 bytes in 0 blocks
==2599359== Reachable blocks (those to which a pointer was found) are not shown.
==2599359== To see them, rerun with: --leak-check=full --show-leak-kinds=all
==2599359==
==2599359== For lists of detected and suppressed errors, rerun with: -s
==2599359== ERROR SUMMARY: 2 errors from 2 contexts (suppressed: 0 from 0)
#+end_src



*** Footer

| Previous: [[id:154212FF-BB02-8D84-1E33-9338B458380A][Version Zero]] |
